2023-06-13T17:06:43.579259Z 0 [System] [MY-010116] [Server] C:\Program Files\MySQL\MySQL Server 8.0\bin\mysqld.exe (mysqld 8.0.33) starting as process 1240
2023-06-13T17:06:43.610465Z 1 [System] [MY-013576] [InnoDB] InnoDB initialization has started.
2023-06-13T17:06:43.841625Z 1 [System] [MY-013577] [InnoDB] InnoDB initialization has ended.
2023-06-13T17:06:44.112775Z 0 [Warning] [MY-010068] [Server] CA certificate ca.pem is self signed.
2023-06-13T17:06:44.113502Z 0 [System] [MY-013602] [Server] Channel mysql_main configured to support TLS. Encrypted connections are now supported for this channel.
2023-06-13T17:06:44.153796Z 0 [System] [MY-011323] [Server] X Plugin ready for connections. Bind-address: '::' port: 33060
2023-06-13T17:06:44.153931Z 0 [System] [MY-010931] [Server] C:\Program Files\MySQL\MySQL Server 8.0\bin\mysqld.exe: ready for connections. Version: '8.0.33'  socket: ''  port: 3306  MySQL Community Server - GPL.
2023-06-13T18:17:31.887741Z 0 [System] [MY-013105] [Server] C:\Program Files\MySQL\MySQL Server 8.0\bin\mysqld.exe: Normal shutdown.
2023-06-13T18:17:32.244724Z 0 [System] [MY-010910] [Server] C:\Program Files\MySQL\MySQL Server 8.0\bin\mysqld.exe: Shutdown complete (mysqld 8.0.33)  MySQL Community Server - GPL.
2023-06-14T03:19:19.393080Z 0 [System] [MY-010116] [Server] C:\Program Files\MySQL\MySQL Server 8.0\bin\mysqld.exe (mysqld 8.0.33) starting as process 9416
2023-06-14T03:19:19.569492Z 1 [System] [MY-013576] [InnoDB] InnoDB initialization has started.
2023-06-14T03:19:21.904892Z 1 [System] [MY-013577] [InnoDB] InnoDB initialization has ended.
2023-06-14T03:19:23.587730Z 0 [Warning] [MY-010068] [Server] CA certificate ca.pem is self signed.
2023-06-14T03:19:23.588791Z 0 [System] [MY-013602] [Server] Channel mysql_main configured to support TLS. Encrypted connections are now supported for this channel.
2023-06-14T03:19:23.898708Z 0 [System] [MY-011323] [Server] X Plugin ready for connections. Bind-address: '::' port: 33060
2023-06-14T03:19:23.898933Z 0 [System] [MY-010931] [Server] C:\Program Files\MySQL\MySQL Server 8.0\bin\mysqld.exe: ready for connections. Version: '8.0.33'  socket: ''  port: 3306  MySQL Community Server - GPL.
2023-06-14T03:43:53.802784Z 0 [System] [MY-013105] [Server] C:\Program Files\MySQL\MySQL Server 8.0\bin\mysqld.exe: Normal shutdown.
2023-06-14T03:43:54.536146Z 0 [System] [MY-010910] [Server] C:\Program Files\MySQL\MySQL Server 8.0\bin\mysqld.exe: Shutdown complete (mysqld 8.0.33)  MySQL Community Server - GPL.
2023-06-14T04:24:41.833575Z 0 [System] [MY-010116] [Server] C:\Program Files\MySQL\MySQL Server 8.0\bin\mysqld.exe (mysqld 8.0.33) starting as process 8752
2023-06-14T04:24:42.137618Z 1 [System] [MY-013576] [InnoDB] InnoDB initialization has started.
2023-06-14T04:24:44.098140Z 1 [System] [MY-013577] [InnoDB] InnoDB initialization has ended.
2023-06-14T04:24:46.008270Z 0 [Warning] [MY-010068] [Server] CA certificate ca.pem is self signed.
2023-06-14T04:24:46.008760Z 0 [System] [MY-013602] [Server] Channel mysql_main configured to support TLS. Encrypted connections are now supported for this channel.
2023-06-14T04:24:46.110981Z 0 [System] [MY-011323] [Server] X Plugin ready for connections. Bind-address: '::' port: 33060
2023-06-14T04:24:46.111784Z 0 [System] [MY-010931] [Server] C:\Program Files\MySQL\MySQL Server 8.0\bin\mysqld.exe: ready for connections. Version: '8.0.33'  socket: ''  port: 3306  MySQL Community Server - GPL.
2023-06-14T04:33:45.432368Z 0 [System] [MY-013105] [Server] C:\Program Files\MySQL\MySQL Server 8.0\bin\mysqld.exe: Normal shutdown.
2023-06-14T04:33:46.519375Z 0 [System] [MY-010910] [Server] C:\Program Files\MySQL\MySQL Server 8.0\bin\mysqld.exe: Shutdown complete (mysqld 8.0.33)  MySQL Community Server - GPL.
2023-06-14T13:39:55.752895Z 0 [System] [MY-010116] [Server] C:\Program Files\MySQL\MySQL Server 8.0\bin\mysqld.exe (mysqld 8.0.33) starting as process 8824
2023-06-14T13:39:55.925473Z 1 [System] [MY-013576] [InnoDB] InnoDB initialization has started.
2023-06-14T13:39:57.479438Z 1 [System] [MY-013577] [InnoDB] InnoDB initialization has ended.
2023-06-14T13:39:58.400536Z 0 [Warning] [MY-010068] [Server] CA certificate ca.pem is self signed.
2023-06-14T13:39:58.401470Z 0 [System] [MY-013602] [Server] Channel mysql_main configured to support TLS. Encrypted connections are now supported for this channel.
2023-06-14T13:39:58.503631Z 0 [System] [MY-011323] [Server] X Plugin ready for connections. Bind-address: '::' port: 33060
2023-06-14T13:39:58.503805Z 0 [System] [MY-010931] [Server] C:\Program Files\MySQL\MySQL Server 8.0\bin\mysqld.exe: ready for connections. Version: '8.0.33'  socket: ''  port: 3306  MySQL Community Server - GPL.
2023-06-14T20:21:13.576806Z 0 [System] [MY-013105] [Server] C:\Program Files\MySQL\MySQL Server 8.0\bin\mysqld.exe: Normal shutdown.
2023-06-14T20:21:15.070245Z 0 [System] [MY-010910] [Server] C:\Program Files\MySQL\MySQL Server 8.0\bin\mysqld.exe: Shutdown complete (mysqld 8.0.33)  MySQL Community Server - GPL.
2023-06-15T04:07:15.988468Z 0 [System] [MY-010116] [Server] C:\Program Files\MySQL\MySQL Server 8.0\bin\mysqld.exe (mysqld 8.0.33) starting as process 7840
2023-06-15T04:07:16.067370Z 1 [System] [MY-013576] [InnoDB] InnoDB initialization has started.
2023-06-15T04:07:17.266421Z 1 [System] [MY-013577] [InnoDB] InnoDB initialization has ended.
2023-06-15T04:07:18.056228Z 0 [Warning] [MY-010068] [Server] CA certificate ca.pem is self signed.
2023-06-15T04:07:18.057041Z 0 [System] [MY-013602] [Server] Channel mysql_main configured to support TLS. Encrypted connections are now supported for this channel.
2023-06-15T04:07:18.140254Z 0 [System] [MY-011323] [Server] X Plugin ready for connections. Bind-address: '::' port: 33060
2023-06-15T04:07:18.140528Z 0 [System] [MY-010931] [Server] C:\Program Files\MySQL\MySQL Server 8.0\bin\mysqld.exe: ready for connections. Version: '8.0.33'  socket: ''  port: 3306  MySQL Community Server - GPL.
2023-06-15T04:21:13.608748Z 0 [System] [MY-013105] [Server] C:\Program Files\MySQL\MySQL Server 8.0\bin\mysqld.exe: Normal shutdown.
2023-06-15T04:21:13.978931Z 0 [System] [MY-010910] [Server] C:\Program Files\MySQL\MySQL Server 8.0\bin\mysqld.exe: Shutdown complete (mysqld 8.0.33)  MySQL Community Server - GPL.
2023-06-15T14:28:24.128303Z 0 [System] [MY-010116] [Server] C:\Program Files\MySQL\MySQL Server 8.0\bin\mysqld.exe (mysqld 8.0.33) starting as process 9084
2023-06-15T14:28:24.462421Z 1 [System] [MY-013576] [InnoDB] InnoDB initialization has started.
2023-06-15T14:28:26.245868Z 1 [System] [MY-013577] [InnoDB] InnoDB initialization has ended.
2023-06-15T14:28:27.171517Z 0 [Warning] [MY-010068] [Server] CA certificate ca.pem is self signed.
2023-06-15T14:28:27.188666Z 0 [System] [MY-013602] [Server] Channel mysql_main configured to support TLS. Encrypted connections are now supported for this channel.
2023-06-15T14:28:27.411715Z 0 [System] [MY-011323] [Server] X Plugin ready for connections. Bind-address: '::' port: 33060
2023-06-15T14:28:27.411986Z 0 [System] [MY-010931] [Server] C:\Program Files\MySQL\MySQL Server 8.0\bin\mysqld.exe: ready for connections. Version: '8.0.33'  socket: ''  port: 3306  MySQL Community Server - GPL.
2023-06-15T18:04:25.961782Z 0 [System] [MY-013105] [Server] C:\Program Files\MySQL\MySQL Server 8.0\bin\mysqld.exe: Normal shutdown.
2023-06-15T18:04:26.624648Z 0 [System] [MY-010910] [Server] C:\Program Files\MySQL\MySQL Server 8.0\bin\mysqld.exe: Shutdown complete (mysqld 8.0.33)  MySQL Community Server - GPL.
2023-06-16T14:27:28.329728Z 0 [System] [MY-010116] [Server] C:\Program Files\MySQL\MySQL Server 8.0\bin\mysqld.exe (mysqld 8.0.33) starting as process 8652
2023-06-16T14:27:28.383485Z 1 [System] [MY-013576] [InnoDB] InnoDB initialization has started.
2023-06-16T14:27:30.231024Z 1 [System] [MY-013577] [InnoDB] InnoDB initialization has ended.
2023-06-16T14:27:31.158375Z 0 [Warning] [MY-010068] [Server] CA certificate ca.pem is self signed.
2023-06-16T14:27:31.159192Z 0 [System] [MY-013602] [Server] Channel mysql_main configured to support TLS. Encrypted connections are now supported for this channel.
2023-06-16T14:27:31.259679Z 0 [System] [MY-011323] [Server] X Plugin ready for connections. Bind-address: '::' port: 33060
2023-06-16T14:27:31.259987Z 0 [System] [MY-010931] [Server] C:\Program Files\MySQL\MySQL Server 8.0\bin\mysqld.exe: ready for connections. Version: '8.0.33'  socket: ''  port: 3306  MySQL Community Server - GPL.
2023-06-16T17:43:36.763270Z 0 [System] [MY-013105] [Server] C:\Program Files\MySQL\MySQL Server 8.0\bin\mysqld.exe: Normal shutdown.
2023-06-16T17:43:38.011837Z 0 [System] [MY-010910] [Server] C:\Program Files\MySQL\MySQL Server 8.0\bin\mysqld.exe: Shutdown complete (mysqld 8.0.33)  MySQL Community Server - GPL.
2023-06-17T13:58:27.623088Z 0 [System] [MY-010116] [Server] C:\Program Files\MySQL\MySQL Server 8.0\bin\mysqld.exe (mysqld 8.0.33) starting as process 6004
2023-06-17T13:58:27.740655Z 1 [System] [MY-013576] [InnoDB] InnoDB initialization has started.
2023-06-17T13:58:29.935599Z 1 [System] [MY-013577] [InnoDB] InnoDB initialization has ended.
2023-06-17T13:58:30.736464Z 0 [Warning] [MY-010068] [Server] CA certificate ca.pem is self signed.
2023-06-17T13:58:30.737294Z 0 [System] [MY-013602] [Server] Channel mysql_main configured to support TLS. Encrypted connections are now supported for this channel.
2023-06-17T13:58:30.801006Z 0 [System] [MY-011323] [Server] X Plugin ready for connections. Bind-address: '::' port: 33060
2023-06-17T13:58:30.801181Z 0 [System] [MY-010931] [Server] C:\Program Files\MySQL\MySQL Server 8.0\bin\mysqld.exe: ready for connections. Version: '8.0.33'  socket: ''  port: 3306  MySQL Community Server - GPL.
2023-06-17T14:25:31.210170Z 0 [System] [MY-013105] [Server] C:\Program Files\MySQL\MySQL Server 8.0\bin\mysqld.exe: Normal shutdown.
2023-06-17T14:25:32.397918Z 0 [System] [MY-010910] [Server] C:\Program Files\MySQL\MySQL Server 8.0\bin\mysqld.exe: Shutdown complete (mysqld 8.0.33)  MySQL Community Server - GPL.
2023-06-18T10:15:39.677639Z 0 [System] [MY-010116] [Server] C:\Program Files\MySQL\MySQL Server 8.0\bin\mysqld.exe (mysqld 8.0.33) starting as process 9508
2023-06-18T10:15:39.874247Z 1 [System] [MY-013576] [InnoDB] InnoDB initialization has started.
2023-06-18T10:15:42.087808Z 1 [System] [MY-013577] [InnoDB] InnoDB initialization has ended.
2023-06-18T10:15:43.794438Z 0 [Warning] [MY-010068] [Server] CA certificate ca.pem is self signed.
2023-06-18T10:15:43.795623Z 0 [System] [MY-013602] [Server] Channel mysql_main configured to support TLS. Encrypted connections are now supported for this channel.
2023-06-18T10:15:43.896775Z 0 [System] [MY-011323] [Server] X Plugin ready for connections. Bind-address: '::' port: 33060
2023-06-18T10:15:43.896903Z 0 [System] [MY-010931] [Server] C:\Program Files\MySQL\MySQL Server 8.0\bin\mysqld.exe: ready for connections. Version: '8.0.33'  socket: ''  port: 3306  MySQL Community Server - GPL.
2023-06-18T10:21:12.291389Z 0 [System] [MY-013105] [Server] C:\Program Files\MySQL\MySQL Server 8.0\bin\mysqld.exe: Normal shutdown.
2023-06-18T10:21:12.931997Z 0 [System] [MY-010910] [Server] C:\Program Files\MySQL\MySQL Server 8.0\bin\mysqld.exe: Shutdown complete (mysqld 8.0.33)  MySQL Community Server - GPL.
2023-06-19T10:16:11.261862Z 0 [System] [MY-010116] [Server] C:\Program Files\MySQL\MySQL Server 8.0\bin\mysqld.exe (mysqld 8.0.33) starting as process 8736
2023-06-19T10:16:11.532286Z 1 [System] [MY-013576] [InnoDB] InnoDB initialization has started.
2023-06-19T10:16:13.670284Z 1 [System] [MY-013577] [InnoDB] InnoDB initialization has ended.
2023-06-19T10:16:14.359000Z 0 [Warning] [MY-010068] [Server] CA certificate ca.pem is self signed.
2023-06-19T10:16:14.359650Z 0 [System] [MY-013602] [Server] Channel mysql_main configured to support TLS. Encrypted connections are now supported for this channel.
2023-06-19T10:16:14.440615Z 0 [System] [MY-011323] [Server] X Plugin ready for connections. Bind-address: '::' port: 33060
2023-06-19T10:16:14.440431Z 0 [System] [MY-010931] [Server] C:\Program Files\MySQL\MySQL Server 8.0\bin\mysqld.exe: ready for connections. Version: '8.0.33'  socket: ''  port: 3306  MySQL Community Server - GPL.
2023-06-19T10:30:18.682869Z 0 [System] [MY-013105] [Server] C:\Program Files\MySQL\MySQL Server 8.0\bin\mysqld.exe: Normal shutdown.
2023-06-19T10:30:19.430821Z 0 [System] [MY-010910] [Server] C:\Program Files\MySQL\MySQL Server 8.0\bin\mysqld.exe: Shutdown complete (mysqld 8.0.33)  MySQL Community Server - GPL.
2023-06-19T13:43:59.809821Z 0 [System] [MY-010116] [Server] C:\Program Files\MySQL\MySQL Server 8.0\bin\mysqld.exe (mysqld 8.0.33) starting as process 7256
2023-06-19T13:44:00.001734Z 1 [System] [MY-013576] [InnoDB] InnoDB initialization has started.
2023-06-19T13:44:01.428528Z 1 [System] [MY-013577] [InnoDB] InnoDB initialization has ended.
2023-06-19T13:44:02.348538Z 0 [Warning] [MY-010068] [Server] CA certificate ca.pem is self signed.
2023-06-19T13:44:02.349434Z 0 [System] [MY-013602] [Server] Channel mysql_main configured to support TLS. Encrypted connections are now supported for this channel.
2023-06-19T13:44:02.459503Z 0 [System] [MY-011323] [Server] X Plugin ready for connections. Bind-address: '::' port: 33060
2023-06-19T13:44:02.459483Z 0 [System] [MY-010931] [Server] C:\Program Files\MySQL\MySQL Server 8.0\bin\mysqld.exe: ready for connections. Version: '8.0.33'  socket: ''  port: 3306  MySQL Community Server - GPL.
2023-06-19T14:56:08.723888Z 0 [System] [MY-013105] [Server] C:\Program Files\MySQL\MySQL Server 8.0\bin\mysqld.exe: Normal shutdown.
2023-06-19T14:56:09.954417Z 0 [System] [MY-010910] [Server] C:\Program Files\MySQL\MySQL Server 8.0\bin\mysqld.exe: Shutdown complete (mysqld 8.0.33)  MySQL Community Server - GPL.
2023-06-19T15:43:21.362926Z 0 [System] [MY-010116] [Server] C:\Program Files\MySQL\MySQL Server 8.0\bin\mysqld.exe (mysqld 8.0.33) starting as process 8384
2023-06-19T15:43:21.449982Z 1 [System] [MY-013576] [InnoDB] InnoDB initialization has started.
2023-06-19T15:43:23.162838Z 1 [System] [MY-013577] [InnoDB] InnoDB initialization has ended.
2023-06-19T15:43:24.242216Z 0 [Warning] [MY-010068] [Server] CA certificate ca.pem is self signed.
2023-06-19T15:43:24.243082Z 0 [System] [MY-013602] [Server] Channel mysql_main configured to support TLS. Encrypted connections are now supported for this channel.
2023-06-19T15:43:24.339989Z 0 [System] [MY-011323] [Server] X Plugin ready for connections. Bind-address: '::' port: 33060
2023-06-19T15:43:24.340237Z 0 [System] [MY-010931] [Server] C:\Program Files\MySQL\MySQL Server 8.0\bin\mysqld.exe: ready for connections. Version: '8.0.33'  socket: ''  port: 3306  MySQL Community Server - GPL.
2023-06-19T18:03:36.226422Z 0 [System] [MY-013105] [Server] C:\Program Files\MySQL\MySQL Server 8.0\bin\mysqld.exe: Normal shutdown.
2023-06-19T18:03:37.366381Z 0 [System] [MY-010910] [Server] C:\Program Files\MySQL\MySQL Server 8.0\bin\mysqld.exe: Shutdown complete (mysqld 8.0.33)  MySQL Community Server - GPL.
2023-06-19T20:36:25.876083Z 0 [System] [MY-010116] [Server] C:\Program Files\MySQL\MySQL Server 8.0\bin\mysqld.exe (mysqld 8.0.33) starting as process 8728
2023-06-19T20:36:26.108601Z 1 [System] [MY-013576] [InnoDB] InnoDB initialization has started.
2023-06-19T20:36:28.935274Z 1 [System] [MY-013577] [InnoDB] InnoDB initialization has ended.
2023-06-19T20:36:30.003183Z 0 [Warning] [MY-010068] [Server] CA certificate ca.pem is self signed.
2023-06-19T20:36:30.003710Z 0 [System] [MY-013602] [Server] Channel mysql_main configured to support TLS. Encrypted connections are now supported for this channel.
2023-06-19T20:36:30.064577Z 0 [System] [MY-010931] [Server] C:\Program Files\MySQL\MySQL Server 8.0\bin\mysqld.exe: ready for connections. Version: '8.0.33'  socket: ''  port: 3306  MySQL Community Server - GPL.
2023-06-19T20:36:30.065385Z 0 [System] [MY-011323] [Server] X Plugin ready for connections. Bind-address: '::' port: 33060
2023-06-19T21:10:09.763493Z 0 [System] [MY-013105] [Server] C:\Program Files\MySQL\MySQL Server 8.0\bin\mysqld.exe: Normal shutdown.
2023-06-19T21:10:10.851113Z 0 [System] [MY-010910] [Server] C:\Program Files\MySQL\MySQL Server 8.0\bin\mysqld.exe: Shutdown complete (mysqld 8.0.33)  MySQL Community Server - GPL.
2023-06-19T22:27:45.686380Z 0 [System] [MY-010116] [Server] C:\Program Files\MySQL\MySQL Server 8.0\bin\mysqld.exe (mysqld 8.0.33) starting as process 8940
2023-06-19T22:27:45.899620Z 1 [System] [MY-013576] [InnoDB] InnoDB initialization has started.
2023-06-19T22:27:47.809526Z 1 [System] [MY-013577] [InnoDB] InnoDB initialization has ended.
2023-06-19T22:27:49.361177Z 0 [Warning] [MY-010068] [Server] CA certificate ca.pem is self signed.
2023-06-19T22:27:49.362214Z 0 [System] [MY-013602] [Server] Channel mysql_main configured to support TLS. Encrypted connections are now supported for this channel.
2023-06-19T22:27:49.517990Z 0 [System] [MY-011323] [Server] X Plugin ready for connections. Bind-address: '::' port: 33060
2023-06-19T22:27:49.518348Z 0 [System] [MY-010931] [Server] C:\Program Files\MySQL\MySQL Server 8.0\bin\mysqld.exe: ready for connections. Version: '8.0.33'  socket: ''  port: 3306  MySQL Community Server - GPL.
2023-06-19T23:24:09.377790Z 0 [System] [MY-013105] [Server] C:\Program Files\MySQL\MySQL Server 8.0\bin\mysqld.exe: Normal shutdown.
2023-06-19T23:24:09.945239Z 0 [System] [MY-010910] [Server] C:\Program Files\MySQL\MySQL Server 8.0\bin\mysqld.exe: Shutdown complete (mysqld 8.0.33)  MySQL Community Server - GPL.
2023-06-20T13:46:23.834774Z 0 [System] [MY-010116] [Server] C:\Program Files\MySQL\MySQL Server 8.0\bin\mysqld.exe (mysqld 8.0.33) starting as process 8452
2023-06-20T13:46:23.949120Z 1 [System] [MY-013576] [InnoDB] InnoDB initialization has started.
2023-06-20T13:46:25.893196Z 1 [System] [MY-013577] [InnoDB] InnoDB initialization has ended.
2023-06-20T13:46:26.677809Z 0 [Warning] [MY-010068] [Server] CA certificate ca.pem is self signed.
2023-06-20T13:46:26.678721Z 0 [System] [MY-013602] [Server] Channel mysql_main configured to support TLS. Encrypted connections are now supported for this channel.
2023-06-20T13:46:26.786195Z 0 [System] [MY-011323] [Server] X Plugin ready for connections. Bind-address: '::' port: 33060
2023-06-20T13:46:26.786430Z 0 [System] [MY-010931] [Server] C:\Program Files\MySQL\MySQL Server 8.0\bin\mysqld.exe: ready for connections. Version: '8.0.33'  socket: ''  port: 3306  MySQL Community Server - GPL.
2023-06-20T14:21:02.650784Z 0 [System] [MY-013105] [Server] C:\Program Files\MySQL\MySQL Server 8.0\bin\mysqld.exe: Normal shutdown.
2023-06-20T14:21:03.496897Z 0 [System] [MY-010910] [Server] C:\Program Files\MySQL\MySQL Server 8.0\bin\mysqld.exe: Shutdown complete (mysqld 8.0.33)  MySQL Community Server - GPL.
2023-06-20T14:21:47.194992Z 0 [System] [MY-010116] [Server] C:\Program Files\MySQL\MySQL Server 8.0\bin\mysqld.exe (mysqld 8.0.33) starting as process 7940
2023-06-20T14:21:47.299292Z 1 [System] [MY-013576] [InnoDB] InnoDB initialization has started.
2023-06-20T14:21:49.545419Z 1 [System] [MY-013577] [InnoDB] InnoDB initialization has ended.
2023-06-20T14:21:50.187866Z 0 [Warning] [MY-010068] [Server] CA certificate ca.pem is self signed.
2023-06-20T14:21:50.188704Z 0 [System] [MY-013602] [Server] Channel mysql_main configured to support TLS. Encrypted connections are now supported for this channel.
2023-06-20T14:21:50.250708Z 0 [System] [MY-011323] [Server] X Plugin ready for connections. Bind-address: '::' port: 33060
2023-06-20T14:21:50.251007Z 0 [System] [MY-010931] [Server] C:\Program Files\MySQL\MySQL Server 8.0\bin\mysqld.exe: ready for connections. Version: '8.0.33'  socket: ''  port: 3306  MySQL Community Server - GPL.
2023-06-20T16:42:23.934748Z 0 [System] [MY-013105] [Server] C:\Program Files\MySQL\MySQL Server 8.0\bin\mysqld.exe: Normal shutdown.
2023-06-20T16:42:25.255109Z 0 [System] [MY-010910] [Server] C:\Program Files\MySQL\MySQL Server 8.0\bin\mysqld.exe: Shutdown complete (mysqld 8.0.33)  MySQL Community Server - GPL.
2023-06-20T16:42:58.424823Z 0 [System] [MY-010116] [Server] C:\Program Files\MySQL\MySQL Server 8.0\bin\mysqld.exe (mysqld 8.0.33) starting as process 8176
2023-06-20T16:42:58.598545Z 1 [System] [MY-013576] [InnoDB] InnoDB initialization has started.
2023-06-20T16:43:00.902703Z 1 [System] [MY-013577] [InnoDB] InnoDB initialization has ended.
2023-06-20T16:43:02.170003Z 0 [Warning] [MY-010068] [Server] CA certificate ca.pem is self signed.
2023-06-20T16:43:02.177877Z 0 [System] [MY-013602] [Server] Channel mysql_main configured to support TLS. Encrypted connections are now supported for this channel.
2023-06-20T16:43:02.286728Z 0 [System] [MY-011323] [Server] X Plugin ready for connections. Bind-address: '::' port: 33060
2023-06-20T16:43:02.286837Z 0 [System] [MY-010931] [Server] C:\Program Files\MySQL\MySQL Server 8.0\bin\mysqld.exe: ready for connections. Version: '8.0.33'  socket: ''  port: 3306  MySQL Community Server - GPL.
2023-06-20T18:05:11.290991Z 0 [System] [MY-013105] [Server] C:\Program Files\MySQL\MySQL Server 8.0\bin\mysqld.exe: Normal shutdown.
2023-06-20T18:05:11.704005Z 0 [System] [MY-010910] [Server] C:\Program Files\MySQL\MySQL Server 8.0\bin\mysqld.exe: Shutdown complete (mysqld 8.0.33)  MySQL Community Server - GPL.
2023-06-21T09:41:51.421851Z 0 [System] [MY-010116] [Server] C:\Program Files\MySQL\MySQL Server 8.0\bin\mysqld.exe (mysqld 8.0.33) starting as process 8628
2023-06-21T09:41:51.635622Z 1 [System] [MY-013576] [InnoDB] InnoDB initialization has started.
2023-06-21T09:41:52.750731Z 1 [System] [MY-013577] [InnoDB] InnoDB initialization has ended.
2023-06-21T09:41:53.528484Z 0 [Warning] [MY-010068] [Server] CA certificate ca.pem is self signed.
2023-06-21T09:41:53.529380Z 0 [System] [MY-013602] [Server] Channel mysql_main configured to support TLS. Encrypted connections are now supported for this channel.
2023-06-21T09:41:53.596282Z 0 [System] [MY-011323] [Server] X Plugin ready for connections. Bind-address: '::' port: 33060
2023-06-21T09:41:53.596568Z 0 [System] [MY-010931] [Server] C:\Program Files\MySQL\MySQL Server 8.0\bin\mysqld.exe: ready for connections. Version: '8.0.33'  socket: ''  port: 3306  MySQL Community Server - GPL.
2023-06-21T10:09:56.572699Z 0 [System] [MY-013105] [Server] C:\Program Files\MySQL\MySQL Server 8.0\bin\mysqld.exe: Normal shutdown.
2023-06-21T10:09:57.048565Z 0 [System] [MY-010910] [Server] C:\Program Files\MySQL\MySQL Server 8.0\bin\mysqld.exe: Shutdown complete (mysqld 8.0.33)  MySQL Community Server - GPL.
2023-06-21T14:09:38.188576Z 0 [System] [MY-010116] [Server] C:\Program Files\MySQL\MySQL Server 8.0\bin\mysqld.exe (mysqld 8.0.33) starting as process 8708
2023-06-21T14:09:38.395031Z 1 [System] [MY-013576] [InnoDB] InnoDB initialization has started.
2023-06-21T14:09:40.815709Z 1 [System] [MY-013577] [InnoDB] InnoDB initialization has ended.
2023-06-21T14:09:42.109846Z 0 [Warning] [MY-010068] [Server] CA certificate ca.pem is self signed.
2023-06-21T14:09:42.110639Z 0 [System] [MY-013602] [Server] Channel mysql_main configured to support TLS. Encrypted connections are now supported for this channel.
2023-06-21T14:09:42.178540Z 0 [System] [MY-011323] [Server] X Plugin ready for connections. Bind-address: '::' port: 33060
2023-06-21T14:09:42.178704Z 0 [System] [MY-010931] [Server] C:\Program Files\MySQL\MySQL Server 8.0\bin\mysqld.exe: ready for connections. Version: '8.0.33'  socket: ''  port: 3306  MySQL Community Server - GPL.
